<?xml version="1.0" encoding="UTF-8"?>
<!-- Generated by org.testng.reporters.JUnitReportReporter -->
<testsuite hostname="NDAN-CRSU9" name="sampleProject.SampleProjectExecution" tests="3" failures="0" timestamp="28 Apr 2017 08:45:40 GMT" time="79.096" errors="0">
  <testcase name="launchGmail" time="17.230" classname="sampleProject.SampleProjectExecution"/>
  <testcase name="launchGmail" time="27.749" classname="sampleProject.SampleProjectExecution"/>
  <testcase name="launchGmail" time="34.117" classname="sampleProject.SampleProjectExecution"/>
</testsuite> <!-- sampleProject.SampleProjectExecution -->
